<?xml version="1.0" encoding="UTF-8"?>
<!-- Generated by org.testng.reporters.JUnitReportReporter -->
<testsuite hostname="nb02mdl033" failures="0" tests="1" name="registrationTests.RegistrationTest" time="42.968" errors="0" timestamp="17 Aug 2021 17:17:55 GMT" skipped="0">
  <testcase classname="registrationTests.RegistrationTest" name="testCreateNewAccount" time="42.968"/>
</testsuite> <!-- registrationTests.RegistrationTest -->
