<?xml version="1.0" encoding="UTF-8"?>
<!-- Generated by org.testng.reporters.JUnitReportReporter -->
<testsuite hostname="nb02mdl033" failures="0" tests="2" name="registrationTests.RegistrationTest" time="40.162" errors="0" timestamp="16 Aug 2021 12:37:17 GMT" skipped="0">
  <testcase classname="registrationTests.RegistrationTest" name="testCreateNewAccount" time="19.808"/>
  <testcase classname="registrationTests.RegistrationTest" name="testCreateNewAccount" time="20.354"/>
</testsuite> <!-- registrationTests.RegistrationTest -->
