<?xml version="1.0" encoding="UTF-8"?>
<!-- Generated by org.testng.reporters.JUnitReportReporter -->
<testsuite hostname="nb02mdl033" failures="0" tests="2" name="registrationTests.RegistrationTest" time="78.877" errors="0" timestamp="16 Aug 2021 13:47:42 GMT" skipped="0">
  <testcase classname="registrationTests.RegistrationTest" name="testCreateNewAccount" time="39.183"/>
  <testcase classname="registrationTests.RegistrationTest" name="testCreateNewAccount" time="39.694"/>
</testsuite> <!-- registrationTests.RegistrationTest -->
