<?xml version="1.0" encoding="UTF-8"?>
<!-- Generated by org.testng.reporters.JUnitReportReporter -->
<testsuite hostname="nb02mdl033" failures="0" tests="2" name="registrationTests.RegistrationTest" time="48.013" errors="0" timestamp="17 Aug 2021 18:03:20 GMT" skipped="0">
  <testcase classname="registrationTests.RegistrationTest" name="testCreateNewAccount" time="23.323"/>
  <testcase classname="registrationTests.RegistrationTest" name="testCreateNewAccount" time="24.690"/>
</testsuite> <!-- registrationTests.RegistrationTest -->
